<?xml version="1.0" encoding="UTF-8"?>
<!-- Generated by org.testng.reporters.JUnitReportReporter -->
<testsuite hostname="DESKTOP-BVM72OM" failures="0" tests="1" name="Tests.BasicSeleniumTests" time="0.667" errors="0" timestamp="2019-11-06T14:01:15 GMT" skipped="0">
  <testcase classname="Tests.BasicSeleniumTests" name="addRemoveButtonTest" time="0.667"/>
</testsuite> <!-- Tests.BasicSeleniumTests -->
