<?xml version="1.0" encoding="UTF-8"?>
<!-- Generated by org.testng.reporters.JUnitReportReporter -->
<testsuite hostname="DESKTOP-BVM72OM" failures="0" tests="1" name="Tests.ExampleTest" time="9.463" errors="0" timestamp="2019-10-29T22:33:20 GMT" skipped="0">
  <testcase classname="Tests.ExampleTest" name="searchForDogFood" time="9.463"/>
</testsuite> <!-- Tests.ExampleTest -->
