<?xml version="1.0" encoding="UTF-8"?>
<!-- Generated by org.testng.reporters.JUnitReportReporter -->
<testsuite hostname="DESKTOP-BVM72OM" failures="0" tests="1" name="Tests.LoginTests" time="0.958" errors="0" timestamp="2019-11-06T14:59:49 GMT" skipped="0">
  <testcase classname="Tests.LoginTests" name="sucessfulLogin" time="0.958"/>
</testsuite> <!-- Tests.LoginTests -->
